This file contains any messages produced by compilers while
running configure, to aid debugging if configure makes a mistake.

It was created by SYSeg configure 1.0.0-beta, which was
generated by GNU Autoconf 2.72.  Invocation command line was

  $ ./configure

## --------- ##
## Platform. ##
## --------- ##

hostname = fedora
uname -m = x86_64
uname -r = 6.15.4-100.fc41.x86_64
uname -s = Linux
uname -v = #1 SMP PREEMPT_DYNAMIC Fri Jun 27 15:49:11 UTC 2025

/usr/bin/uname -p = unknown
/bin/uname -X     = unknown

/bin/arch              = x86_64
/usr/bin/arch -k       = unknown
/usr/convex/getsysinfo = unknown
/usr/bin/hostinfo      = unknown
/bin/machine           = unknown
/usr/bin/oslevel       = unknown
/bin/universe          = unknown

PATH: /home/matheussines/.local/bin/
PATH: /home/matheussines/bin/
PATH: /usr/local/bin/
PATH: /usr/local/sbin/
PATH: /usr/bin/
PATH: /usr/sbin/
PATH: /var/lib/snapd/snap/bin/


## ----------- ##
## Core tests. ##
## ----------- ##

configure:2676: looking for aux files: config.guess config.sub ltmain.sh ar-lib compile missing install-sh
configure:2689:  trying ./build-aux/
configure:2718:   ./build-aux/config.guess found
configure:2718:   ./build-aux/config.sub found
configure:2718:   ./build-aux/ltmain.sh found
configure:2718:   ./build-aux/ar-lib found
configure:2718:   ./build-aux/compile found
configure:2718:   ./build-aux/missing found
configure:2700:   ./build-aux/install-sh found
configure:2853: checking for a BSD-compatible install
configure:2927: result: /usr/bin/install -c
configure:2938: checking whether build environment is sane
configure:2993: result: yes
configure:3154: checking for a race-free mkdir -p
configure:3197: result: /usr/bin/mkdir -p
configure:3204: checking for gawk
configure:3225: found /usr/bin/gawk
configure:3237: result: gawk
configure:3248: checking whether make sets $(MAKE)
configure:3272: result: yes
configure:3302: checking whether make supports nested variables
configure:3321: result: yes
configure:3520: checking for gcc
configure:3541: found /usr/bin/gcc
configure:3553: result: gcc
configure:3912: checking for C compiler version
configure:3921: gcc --version >&5
gcc (GCC) 14.3.1 20250523 (Red Hat 14.3.1-1)
Copyright (C) 2024 Free Software Foundation, Inc.
This is free software; see the source for copying conditions.  There is NO
warranty; not even for MERCHANTABILITY or FITNESS FOR A PARTICULAR PURPOSE.

configure:3932: $? = 0
configure:3921: gcc -v >&5
Using built-in specs.
COLLECT_GCC=gcc
COLLECT_LTO_WRAPPER=/usr/libexec/gcc/x86_64-redhat-linux/14/lto-wrapper
OFFLOAD_TARGET_NAMES=nvptx-none:amdgcn-amdhsa
OFFLOAD_TARGET_DEFAULT=1
Target: x86_64-redhat-linux
Configured with: ../configure --enable-bootstrap --enable-languages=c,c++,fortran,objc,obj-c++,ada,go,d,m2,lto --prefix=/usr --mandir=/usr/share/man --infodir=/usr/share/info --with-bugurl=http://bugzilla.redhat.com/bugzilla --enable-shared --enable-threads=posix --enable-checking=release --enable-multilib --with-system-zlib --enable-__cxa_atexit --disable-libunwind-exceptions --enable-gnu-unique-object --enable-linker-build-id --with-gcc-major-version-only --enable-libstdcxx-backtrace --with-libstdcxx-zoneinfo=/usr/share/zoneinfo --with-linker-hash-style=gnu --enable-plugin --enable-initfini-array --with-isl=/builddir/build/BUILD/gcc-14.3.1-build/gcc-14.3.1-20250523/obj-x86_64-redhat-linux/isl-install --enable-offload-targets=nvptx-none,amdgcn-amdhsa --enable-offload-defaulted --without-cuda-driver --enable-gnu-indirect-function --enable-cet --with-tune=generic --with-arch_32=i686 --build=x86_64-redhat-linux --with-build-config=bootstrap-lto --enable-link-serialization=1
Thread model: posix
Supported LTO compression algorithms: zlib zstd
gcc version 14.3.1 20250523 (Red Hat 14.3.1-1) (GCC) 
... rest of stderr output deleted ...
configure:3932: $? = 0
configure:3921: gcc -V >&5
gcc: error: unrecognized command-line option '-V'
gcc: fatal error: no input files
compilation terminated.
configure:3932: $? = 1
configure:3921: gcc -qversion >&5
gcc: error: unrecognized command-line option '-qversion'; did you mean '--version'?
gcc: fatal error: no input files
compilation terminated.
configure:3932: $? = 1
configure:3921: gcc -version >&5
gcc: error: unrecognized command-line option '-version'
gcc: fatal error: no input files
compilation terminated.
configure:3932: $? = 1
configure:3952: checking whether the C compiler works
configure:3974: gcc    conftest.c  >&5
configure:3978: $? = 0
configure:4029: result: yes
configure:4033: checking for C compiler default output file name
configure:4035: result: a.out
configure:4041: checking for suffix of executables
configure:4048: gcc -o conftest    conftest.c  >&5
configure:4052: $? = 0
configure:4076: result: 
configure:4100: checking whether we are cross compiling
configure:4108: gcc -o conftest    conftest.c  >&5
configure:4112: $? = 0
configure:4119: ./conftest
configure:4123: $? = 0
configure:4138: result: no
configure:4144: checking for suffix of object files
configure:4167: gcc -c   conftest.c >&5
configure:4171: $? = 0
configure:4195: result: o
configure:4199: checking whether the compiler supports GNU C
configure:4219: gcc -c   conftest.c >&5
configure:4219: $? = 0
configure:4231: result: yes
configure:4242: checking whether gcc accepts -g
configure:4263: gcc -c -g  conftest.c >&5
configure:4263: $? = 0
configure:4310: result: yes
configure:4330: checking for gcc option to enable C11 features
configure:4345: gcc  -c -g -O2  conftest.c >&5
configure:4345: $? = 0
configure:4364: result: none needed
configure:4488: checking whether gcc understands -c and -o together
configure:4511: gcc -c conftest.c -o conftest2.o
configure:4514: $? = 0
configure:4511: gcc -c conftest.c -o conftest2.o
configure:4514: $? = 0
configure:4527: result: yes
configure:4547: checking whether make supports the include directive
configure:4562: make -f confmf.GNU && cat confinc.out
this is the am__doit target
configure:4565: $? = 0
configure:4584: result: yes (GNU style)
configure:4610: checking dependency style of gcc
configure:4723: result: gcc3
configure:4794: checking for ar
configure:4815: found /usr/bin/ar
configure:4827: result: ar
configure:4853: checking the archiver (ar) interface
configure:4870: gcc -c -g -O2  conftest.c >&5
configure:4870: $? = 0
configure:4873: ar cru libconftest.a conftest.o >&5
configure:4876: $? = 0
configure:4905: result: ar
configure:4957: checking build system type
configure:4973: result: x86_64-pc-linux-gnu
configure:4993: checking host system type
configure:5008: result: x86_64-pc-linux-gnu
configure:5049: checking how to print strings
configure:5076: result: printf
configure:5097: checking for a sed that does not truncate output
configure:5169: result: /usr/bin/sed
configure:5187: checking for grep that handles long lines and -e
configure:5253: result: /usr/bin/grep
configure:5258: checking for egrep
configure:5328: result: /usr/bin/grep -E
configure:5335: checking for fgrep
configure:5405: result: /usr/bin/grep -F
configure:5442: checking for ld used by gcc
configure:5511: result: /usr/bin/ld
configure:5518: checking if the linker (/usr/bin/ld) is GNU ld
configure:5535: result: yes
configure:5547: checking for BSD- or MS-compatible name lister (nm)
configure:5603: result: /usr/bin/nm -B
configure:5745: checking the name lister (/usr/bin/nm -B) interface
configure:5753: gcc -c -g -O2  conftest.c >&5
configure:5756: /usr/bin/nm -B "conftest.o"
configure:5759: output
0000000000000000 B some_variable
configure:5767: result: BSD nm
configure:5770: checking whether ln -s works
configure:5774: result: yes
configure:5782: checking the maximum length of command line arguments
configure:5915: result: 1572864
configure:5963: checking how to convert x86_64-pc-linux-gnu file names to x86_64-pc-linux-gnu format
configure:6005: result: func_convert_file_noop
configure:6012: checking how to convert x86_64-pc-linux-gnu file names to toolchain format
configure:6034: result: func_convert_file_noop
configure:6041: checking for /usr/bin/ld option to reload object files
configure:6050: result: -r
configure:6130: checking for file
configure:6151: found /usr/bin/file
configure:6163: result: file
configure:6240: checking for objdump
configure:6261: found /usr/bin/objdump
configure:6273: result: objdump
configure:6305: checking how to recognize dependent libraries
configure:6507: result: pass_all
configure:6598: checking for dlltool
configure:6634: result: no
configure:6664: checking how to associate runtime and link libraries
configure:6693: result: printf %s\n
configure:6845: checking for archiver @FILE support
configure:6863: gcc -c -g -O2  conftest.c >&5
configure:6863: $? = 0
configure:6867: ar cr libconftest.a @conftest.lst >&5
configure:6870: $? = 0
configure:6875: ar cr libconftest.a @conftest.lst >&5
ar: conftest.o: No such file or directory
configure:6878: $? = 1
configure:6891: result: @
configure:6955: checking for strip
configure:6976: found /usr/bin/strip
configure:6988: result: strip
configure:7066: checking for ranlib
configure:7087: found /usr/bin/ranlib
configure:7099: result: ranlib
configure:7201: checking command to parse /usr/bin/nm -B output from gcc object
configure:7355: gcc -c -g -O2  conftest.c >&5
configure:7358: $? = 0
configure:7362: /usr/bin/nm -B conftest.o \| /usr/bin/sed -n -e 's/^.*[ ]\([ABCDGIRSTW][ABCDGIRSTW]*\)[ ][ ]*\([_A-Za-z][_A-Za-z0-9]*\)$/\1 \2 \2/p' | /usr/bin/sed '/ __gnu_lto/d' \> conftest.nm
configure:7365: $? = 0
configure:7431: gcc -o conftest -g -O2   conftest.c conftstm.o >&5
configure:7434: $? = 0
configure:7473: result: ok
configure:7520: checking for sysroot
configure:7552: result: no
configure:7559: checking for a working dd
configure:7604: result: /usr/bin/dd
configure:7608: checking how to truncate binary pipes
configure:7625: result: /usr/bin/dd bs=4096 count=1
configure:7762: gcc -c -g -O2  conftest.c >&5
configure:7765: $? = 0
configure:7965: checking for mt
configure:8001: result: no
configure:8021: checking if : is a manifest tool
configure:8028: : '-?'
configure:8037: result: no
configure:8776: checking for stdio.h
configure:8776: gcc -c -g -O2  conftest.c >&5
configure:8776: $? = 0
configure:8776: result: yes
configure:8776: checking for stdlib.h
configure:8776: gcc -c -g -O2  conftest.c >&5
configure:8776: $? = 0
configure:8776: result: yes
configure:8776: checking for string.h
configure:8776: gcc -c -g -O2  conftest.c >&5
configure:8776: $? = 0
configure:8776: result: yes
configure:8776: checking for inttypes.h
configure:8776: gcc -c -g -O2  conftest.c >&5
configure:8776: $? = 0
configure:8776: result: yes
configure:8776: checking for stdint.h
configure:8776: gcc -c -g -O2  conftest.c >&5
configure:8776: $? = 0
configure:8776: result: yes
configure:8776: checking for strings.h
configure:8776: gcc -c -g -O2  conftest.c >&5
configure:8776: $? = 0
configure:8776: result: yes
configure:8776: checking for sys/stat.h
configure:8776: gcc -c -g -O2  conftest.c >&5
configure:8776: $? = 0
configure:8776: result: yes
configure:8776: checking for sys/types.h
configure:8776: gcc -c -g -O2  conftest.c >&5
configure:8776: $? = 0
configure:8776: result: yes
configure:8776: checking for unistd.h
configure:8776: gcc -c -g -O2  conftest.c >&5
configure:8776: $? = 0
configure:8776: result: yes
configure:8801: checking for dlfcn.h
configure:8801: gcc -c -g -O2  conftest.c >&5
configure:8801: $? = 0
configure:8801: result: yes
configure:9066: checking for objdir
configure:9083: result: .libs
configure:9349: checking if gcc supports -fno-rtti -fno-exceptions
configure:9368: gcc -c -g -O2  -fno-rtti -fno-exceptions conftest.c >&5
cc1: warning: command-line option '-fno-rtti' is valid for C++/D/ObjC++ but not for C
configure:9372: $? = 0
configure:9386: result: no
configure:9744: checking for gcc option to produce PIC
configure:9753: result: -fPIC -DPIC
configure:9761: checking if gcc PIC flag -fPIC -DPIC works
configure:9780: gcc -c -g -O2  -fPIC -DPIC -DPIC conftest.c >&5
configure:9784: $? = 0
configure:9798: result: yes
configure:9827: checking if gcc static flag -static works
configure:9857: result: no
configure:9872: checking if gcc supports -c -o file.o
configure:9894: gcc -c -g -O2  -o out/conftest2.o conftest.c >&5
configure:9898: $? = 0
configure:9921: result: yes
configure:9929: checking if gcc supports -c -o file.o
configure:9978: result: yes
configure:10011: checking whether the gcc linker (/usr/bin/ld -m elf_x86_64) supports shared libraries
configure:11284: result: yes
configure:11321: checking whether -lc should be explicitly linked in
configure:11330: gcc -c -g -O2  conftest.c >&5
configure:11333: $? = 0
configure:11348: gcc -shared  -fPIC -DPIC conftest.o  -v -Wl,-soname -Wl,conftest -o conftest 2\>\&1 \| /usr/bin/grep  -lc  \>/dev/null 2\>\&1
configure:11351: $? = 0
configure:11366: result: no
configure:11526: checking dynamic linker characteristics
configure:12108: gcc -o conftest -g -O2   -Wl,-rpath -Wl,/foo conftest.c  >&5
configure:12108: $? = 0
configure:12351: result: GNU/Linux ld.so
configure:12473: checking how to hardcode library paths into programs
configure:12498: result: immediate
configure:13098: checking whether stripping libraries is possible
configure:13107: result: yes
configure:13149: checking if libtool supports shared libraries
configure:13151: result: yes
configure:13154: checking whether to build shared libraries
configure:13179: result: yes
configure:13182: checking whether to build static libraries
configure:13186: result: yes
configure:13240: checking for C compiler vendor
configure:13299: gcc -c -g -O2  conftest.c >&5
conftest.c: In function 'main':
conftest.c:29:7: error: 'thisisanerror' undeclared (first use in this function)
   29 |       thisisanerror;
      |       ^~~~~~~~~~~~~
conftest.c:29:7: note: each undeclared identifier is reported only once for each function it appears in
configure:13299: $? = 1
configure: failed program was:
| /* confdefs.h */
| #define PACKAGE_NAME "SYSeg"
| #define PACKAGE_TARNAME "syseg"
| #define PACKAGE_VERSION "1.0.0-beta"
| #define PACKAGE_STRING "SYSeg 1.0.0-beta"
| #define PACKAGE_BUGREPORT "monaco@usp.br"
| #define PACKAGE_URL ""
| #define PACKAGE "syseg"
| #define VERSION "1.0.0-beta"
| #define HAVE_STDIO_H 1
| #define HAVE_STDLIB_H 1
| #define HAVE_STRING_H 1
| #define HAVE_INTTYPES_H 1
| #define HAVE_STDINT_H 1
| #define HAVE_STRINGS_H 1
| #define HAVE_SYS_STAT_H 1
| #define HAVE_SYS_TYPES_H 1
| #define HAVE_UNISTD_H 1
| #define STDC_HEADERS 1
| #define HAVE_DLFCN_H 1
| #define LT_OBJDIR ".libs/"
| /* end confdefs.h.  */
| 
| int
| main (void)
| {
| 
| #if !(defined(__ICC) || defined(__ECC) || defined(__INTEL_COMPILER))
|       thisisanerror;
| #endif
| 
|   ;
|   return 0;
| }
configure:13299: gcc -c -g -O2  conftest.c >&5
conftest.c: In function 'main':
conftest.c:29:7: error: 'thisisanerror' undeclared (first use in this function)
   29 |       thisisanerror;
      |       ^~~~~~~~~~~~~
conftest.c:29:7: note: each undeclared identifier is reported only once for each function it appears in
configure:13299: $? = 1
configure: failed program was:
| /* confdefs.h */
| #define PACKAGE_NAME "SYSeg"
| #define PACKAGE_TARNAME "syseg"
| #define PACKAGE_VERSION "1.0.0-beta"
| #define PACKAGE_STRING "SYSeg 1.0.0-beta"
| #define PACKAGE_BUGREPORT "monaco@usp.br"
| #define PACKAGE_URL ""
| #define PACKAGE "syseg"
| #define VERSION "1.0.0-beta"
| #define HAVE_STDIO_H 1
| #define HAVE_STDLIB_H 1
| #define HAVE_STRING_H 1
| #define HAVE_INTTYPES_H 1
| #define HAVE_STDINT_H 1
| #define HAVE_STRINGS_H 1
| #define HAVE_SYS_STAT_H 1
| #define HAVE_SYS_TYPES_H 1
| #define HAVE_UNISTD_H 1
| #define STDC_HEADERS 1
| #define HAVE_DLFCN_H 1
| #define LT_OBJDIR ".libs/"
| /* end confdefs.h.  */
| 
| int
| main (void)
| {
| 
| #if !(defined(__xlc__) || defined(__xlC__) || defined(__IBMC__) || defined(__IBMCPP__) || defined(__ibmxl__))
|       thisisanerror;
| #endif
| 
|   ;
|   return 0;
| }
configure:13299: gcc -c -g -O2  conftest.c >&5
conftest.c: In function 'main':
conftest.c:29:7: error: 'thisisanerror' undeclared (first use in this function)
   29 |       thisisanerror;
      |       ^~~~~~~~~~~~~
conftest.c:29:7: note: each undeclared identifier is reported only once for each function it appears in
configure:13299: $? = 1
configure: failed program was:
| /* confdefs.h */
| #define PACKAGE_NAME "SYSeg"
| #define PACKAGE_TARNAME "syseg"
| #define PACKAGE_VERSION "1.0.0-beta"
| #define PACKAGE_STRING "SYSeg 1.0.0-beta"
| #define PACKAGE_BUGREPORT "monaco@usp.br"
| #define PACKAGE_URL ""
| #define PACKAGE "syseg"
| #define VERSION "1.0.0-beta"
| #define HAVE_STDIO_H 1
| #define HAVE_STDLIB_H 1
| #define HAVE_STRING_H 1
| #define HAVE_INTTYPES_H 1
| #define HAVE_STDINT_H 1
| #define HAVE_STRINGS_H 1
| #define HAVE_SYS_STAT_H 1
| #define HAVE_SYS_TYPES_H 1
| #define HAVE_UNISTD_H 1
| #define STDC_HEADERS 1
| #define HAVE_DLFCN_H 1
| #define LT_OBJDIR ".libs/"
| /* end confdefs.h.  */
| 
| int
| main (void)
| {
| 
| #if !(defined(__PATHCC__) || defined(__PATHSCALE__))
|       thisisanerror;
| #endif
| 
|   ;
|   return 0;
| }
configure:13299: gcc -c -g -O2  conftest.c >&5
conftest.c: In function 'main':
conftest.c:29:7: error: 'thisisanerror' undeclared (first use in this function)
   29 |       thisisanerror;
      |       ^~~~~~~~~~~~~
conftest.c:29:7: note: each undeclared identifier is reported only once for each function it appears in
configure:13299: $? = 1
configure: failed program was:
| /* confdefs.h */
| #define PACKAGE_NAME "SYSeg"
| #define PACKAGE_TARNAME "syseg"
| #define PACKAGE_VERSION "1.0.0-beta"
| #define PACKAGE_STRING "SYSeg 1.0.0-beta"
| #define PACKAGE_BUGREPORT "monaco@usp.br"
| #define PACKAGE_URL ""
| #define PACKAGE "syseg"
| #define VERSION "1.0.0-beta"
| #define HAVE_STDIO_H 1
| #define HAVE_STDLIB_H 1
| #define HAVE_STRING_H 1
| #define HAVE_INTTYPES_H 1
| #define HAVE_STDINT_H 1
| #define HAVE_STRINGS_H 1
| #define HAVE_SYS_STAT_H 1
| #define HAVE_SYS_TYPES_H 1
| #define HAVE_UNISTD_H 1
| #define STDC_HEADERS 1
| #define HAVE_DLFCN_H 1
| #define LT_OBJDIR ".libs/"
| /* end confdefs.h.  */
| 
| int
| main (void)
| {
| 
| #if !(defined(__clang__))
|       thisisanerror;
| #endif
| 
|   ;
|   return 0;
| }
configure:13299: gcc -c -g -O2  conftest.c >&5
conftest.c: In function 'main':
conftest.c:29:7: error: 'thisisanerror' undeclared (first use in this function)
   29 |       thisisanerror;
      |       ^~~~~~~~~~~~~
conftest.c:29:7: note: each undeclared identifier is reported only once for each function it appears in
configure:13299: $? = 1
configure: failed program was:
| /* confdefs.h */
| #define PACKAGE_NAME "SYSeg"
| #define PACKAGE_TARNAME "syseg"
| #define PACKAGE_VERSION "1.0.0-beta"
| #define PACKAGE_STRING "SYSeg 1.0.0-beta"
| #define PACKAGE_BUGREPORT "monaco@usp.br"
| #define PACKAGE_URL ""
| #define PACKAGE "syseg"
| #define VERSION "1.0.0-beta"
| #define HAVE_STDIO_H 1
| #define HAVE_STDLIB_H 1
| #define HAVE_STRING_H 1
| #define HAVE_INTTYPES_H 1
| #define HAVE_STDINT_H 1
| #define HAVE_STRINGS_H 1
| #define HAVE_SYS_STAT_H 1
| #define HAVE_SYS_TYPES_H 1
| #define HAVE_UNISTD_H 1
| #define STDC_HEADERS 1
| #define HAVE_DLFCN_H 1
| #define LT_OBJDIR ".libs/"
| /* end confdefs.h.  */
| 
| int
| main (void)
| {
| 
| #if !(defined(_CRAYC))
|       thisisanerror;
| #endif
| 
|   ;
|   return 0;
| }
configure:13299: gcc -c -g -O2  conftest.c >&5
conftest.c: In function 'main':
conftest.c:29:7: error: 'thisisanerror' undeclared (first use in this function)
   29 |       thisisanerror;
      |       ^~~~~~~~~~~~~
conftest.c:29:7: note: each undeclared identifier is reported only once for each function it appears in
configure:13299: $? = 1
configure: failed program was:
| /* confdefs.h */
| #define PACKAGE_NAME "SYSeg"
| #define PACKAGE_TARNAME "syseg"
| #define PACKAGE_VERSION "1.0.0-beta"
| #define PACKAGE_STRING "SYSeg 1.0.0-beta"
| #define PACKAGE_BUGREPORT "monaco@usp.br"
| #define PACKAGE_URL ""
| #define PACKAGE "syseg"
| #define VERSION "1.0.0-beta"
| #define HAVE_STDIO_H 1
| #define HAVE_STDLIB_H 1
| #define HAVE_STRING_H 1
| #define HAVE_INTTYPES_H 1
| #define HAVE_STDINT_H 1
| #define HAVE_STRINGS_H 1
| #define HAVE_SYS_STAT_H 1
| #define HAVE_SYS_TYPES_H 1
| #define HAVE_UNISTD_H 1
| #define STDC_HEADERS 1
| #define HAVE_DLFCN_H 1
| #define LT_OBJDIR ".libs/"
| /* end confdefs.h.  */
| 
| int
| main (void)
| {
| 
| #if !(defined(__FUJITSU))
|       thisisanerror;
| #endif
| 
|   ;
|   return 0;
| }
configure:13299: gcc -c -g -O2  conftest.c >&5
conftest.c: In function 'main':
conftest.c:29:7: error: 'thisisanerror' undeclared (first use in this function)
   29 |       thisisanerror;
      |       ^~~~~~~~~~~~~
conftest.c:29:7: note: each undeclared identifier is reported only once for each function it appears in
configure:13299: $? = 1
configure: failed program was:
| /* confdefs.h */
| #define PACKAGE_NAME "SYSeg"
| #define PACKAGE_TARNAME "syseg"
| #define PACKAGE_VERSION "1.0.0-beta"
| #define PACKAGE_STRING "SYSeg 1.0.0-beta"
| #define PACKAGE_BUGREPORT "monaco@usp.br"
| #define PACKAGE_URL ""
| #define PACKAGE "syseg"
| #define VERSION "1.0.0-beta"
| #define HAVE_STDIO_H 1
| #define HAVE_STDLIB_H 1
| #define HAVE_STRING_H 1
| #define HAVE_INTTYPES_H 1
| #define HAVE_STDINT_H 1
| #define HAVE_STRINGS_H 1
| #define HAVE_SYS_STAT_H 1
| #define HAVE_SYS_TYPES_H 1
| #define HAVE_UNISTD_H 1
| #define STDC_HEADERS 1
| #define HAVE_DLFCN_H 1
| #define LT_OBJDIR ".libs/"
| /* end confdefs.h.  */
| 
| int
| main (void)
| {
| 
| #if !(defined(SDCC) || defined(__SDCC))
|       thisisanerror;
| #endif
| 
|   ;
|   return 0;
| }
configure:13299: gcc -c -g -O2  conftest.c >&5
conftest.c: In function 'main':
conftest.c:29:7: error: 'thisisanerror' undeclared (first use in this function)
   29 |       thisisanerror;
      |       ^~~~~~~~~~~~~
conftest.c:29:7: note: each undeclared identifier is reported only once for each function it appears in
configure:13299: $? = 1
configure: failed program was:
| /* confdefs.h */
| #define PACKAGE_NAME "SYSeg"
| #define PACKAGE_TARNAME "syseg"
| #define PACKAGE_VERSION "1.0.0-beta"
| #define PACKAGE_STRING "SYSeg 1.0.0-beta"
| #define PACKAGE_BUGREPORT "monaco@usp.br"
| #define PACKAGE_URL ""
| #define PACKAGE "syseg"
| #define VERSION "1.0.0-beta"
| #define HAVE_STDIO_H 1
| #define HAVE_STDLIB_H 1
| #define HAVE_STRING_H 1
| #define HAVE_INTTYPES_H 1
| #define HAVE_STDINT_H 1
| #define HAVE_STRINGS_H 1
| #define HAVE_SYS_STAT_H 1
| #define HAVE_SYS_TYPES_H 1
| #define HAVE_UNISTD_H 1
| #define STDC_HEADERS 1
| #define HAVE_DLFCN_H 1
| #define LT_OBJDIR ".libs/"
| /* end confdefs.h.  */
| 
| int
| main (void)
| {
| 
| #if !(defined(_SX))
|       thisisanerror;
| #endif
| 
|   ;
|   return 0;
| }
configure:13299: gcc -c -g -O2  conftest.c >&5
conftest.c: In function 'main':
conftest.c:29:7: error: 'thisisanerror' undeclared (first use in this function)
   29 |       thisisanerror;
      |       ^~~~~~~~~~~~~
conftest.c:29:7: note: each undeclared identifier is reported only once for each function it appears in
configure:13299: $? = 1
configure: failed program was:
| /* confdefs.h */
| #define PACKAGE_NAME "SYSeg"
| #define PACKAGE_TARNAME "syseg"
| #define PACKAGE_VERSION "1.0.0-beta"
| #define PACKAGE_STRING "SYSeg 1.0.0-beta"
| #define PACKAGE_BUGREPORT "monaco@usp.br"
| #define PACKAGE_URL ""
| #define PACKAGE "syseg"
| #define VERSION "1.0.0-beta"
| #define HAVE_STDIO_H 1
| #define HAVE_STDLIB_H 1
| #define HAVE_STRING_H 1
| #define HAVE_INTTYPES_H 1
| #define HAVE_STDINT_H 1
| #define HAVE_STRINGS_H 1
| #define HAVE_SYS_STAT_H 1
| #define HAVE_SYS_TYPES_H 1
| #define HAVE_UNISTD_H 1
| #define STDC_HEADERS 1
| #define HAVE_DLFCN_H 1
| #define LT_OBJDIR ".libs/"
| /* end confdefs.h.  */
| 
| int
| main (void)
| {
| 
| #if !(defined(__NVCOMPILER))
|       thisisanerror;
| #endif
| 
|   ;
|   return 0;
| }
configure:13299: gcc -c -g -O2  conftest.c >&5
conftest.c: In function 'main':
conftest.c:29:7: error: 'thisisanerror' undeclared (first use in this function)
   29 |       thisisanerror;
      |       ^~~~~~~~~~~~~
conftest.c:29:7: note: each undeclared identifier is reported only once for each function it appears in
configure:13299: $? = 1
configure: failed program was:
| /* confdefs.h */
| #define PACKAGE_NAME "SYSeg"
| #define PACKAGE_TARNAME "syseg"
| #define PACKAGE_VERSION "1.0.0-beta"
| #define PACKAGE_STRING "SYSeg 1.0.0-beta"
| #define PACKAGE_BUGREPORT "monaco@usp.br"
| #define PACKAGE_URL ""
| #define PACKAGE "syseg"
| #define VERSION "1.0.0-beta"
| #define HAVE_STDIO_H 1
| #define HAVE_STDLIB_H 1
| #define HAVE_STRING_H 1
| #define HAVE_INTTYPES_H 1
| #define HAVE_STDINT_H 1
| #define HAVE_STRINGS_H 1
| #define HAVE_SYS_STAT_H 1
| #define HAVE_SYS_TYPES_H 1
| #define HAVE_UNISTD_H 1
| #define STDC_HEADERS 1
| #define HAVE_DLFCN_H 1
| #define LT_OBJDIR ".libs/"
| /* end confdefs.h.  */
| 
| int
| main (void)
| {
| 
| #if !(defined(__PGI))
|       thisisanerror;
| #endif
| 
|   ;
|   return 0;
| }
configure:13299: gcc -c -g -O2  conftest.c >&5
configure:13299: $? = 0
configure:13310: result: gnu
configure:13315: checking for C compiler version
configure:13578: gcc -o conftest -g -O2   conftest.c  >&5
configure:13578: $? = 0
configure:13578: ./conftest
configure:13578: $? = 0
configure:13589: gcc -o conftest -g -O2   conftest.c  >&5
configure:13589: $? = 0
configure:13589: ./conftest
configure:13589: $? = 0
configure:13600: gcc -o conftest -g -O2   conftest.c  >&5
configure:13600: $? = 0
configure:13600: ./conftest
configure:13600: $? = 0
configure:14455: result: 14.3.1
configure:14543: checking whether C compiler accepts -fcf-protection
configure:14563: gcc -c -g -O2  -fcf-protection  conftest.c >&5
configure:14563: $? = 0
configure:14574: result: yes
configure:14613: checking whether C compiler accepts -fcf-protection
configure:14644: result: yes
configure:14679: checking whether C compiler accepts -m32
configure:14697: gcc -c -g -O2  -m32  conftest.c >&5
configure:14697: $? = 0
configure:14708: result: yes
configure:14737: checking for __attribute__((naked))
configure:14759: gcc -o conftest -g -O2   conftest.c  >&5
configure:14759: $? = 0
configure:14777: result: yes
configure:14831: checking for xorriso
configure:14867: result: no
configure:14874: WARNING: *** Program xorriso not found.
configure:14897: checking for qemu-system-i386
configure:14918: found /usr/bin/qemu-system-i386
configure:14930: result: yes
configure:14963: checking for meld
configure:14999: result: no
configure:15006: WARNING: *** Program meld not found.
configure:15029: checking for objdump
configure:15050: found /usr/bin/objdump
configure:15062: result: yes
configure:15095: checking for readelf
configure:15116: found /usr/bin/readelf
configure:15128: result: yes
configure:15161: checking for nasm
configure:15182: found /usr/bin/nasm
configure:15194: result: yes
configure:15227: checking for gzip
configure:15248: found /usr/bin/gzip
configure:15260: result: yes
configure:15293: checking for git
configure:15314: found /usr/bin/git
configure:15326: result: yes
configure:15355: checking for bash
configure:15376: found /usr/bin/bash
configure:15388: result: yes
configure:15417: checking for m4
configure:15438: found /usr/bin/m4
configure:15450: result: yes
configure:15478: checking whether Git user and e-mail are set
configure:15503: result: yes
configure:15514: checking for pipx
configure:15535: found /usr/bin/pipx
configure:15547: result: yes
configure:15575: checking for /home/matheussines/.syseg/bin/reuse
configure:15591: result: yes
configure:15638: checking whether build architecture is x86_64
configure:15646: result: yes
configure:15652: checking whether build OS is GNU/Linux
configure:15660: result: yes
configure:15687: checking how to run the C preprocessor
configure:15713: gcc -E  conftest.c
configure:15713: $? = 0
configure:15729: gcc -E  conftest.c
conftest.c:25:10: fatal error: ac_nonexistent.h: No such file or directory
   25 | #include <ac_nonexistent.h>
      |          ^~~~~~~~~~~~~~~~~~
compilation terminated.
configure:15729: $? = 1
configure: failed program was:
| /* confdefs.h */
| #define PACKAGE_NAME "SYSeg"
| #define PACKAGE_TARNAME "syseg"
| #define PACKAGE_VERSION "1.0.0-beta"
| #define PACKAGE_STRING "SYSeg 1.0.0-beta"
| #define PACKAGE_BUGREPORT "monaco@usp.br"
| #define PACKAGE_URL ""
| #define PACKAGE "syseg"
| #define VERSION "1.0.0-beta"
| #define HAVE_STDIO_H 1
| #define HAVE_STDLIB_H 1
| #define HAVE_STRING_H 1
| #define HAVE_INTTYPES_H 1
| #define HAVE_STDINT_H 1
| #define HAVE_STRINGS_H 1
| #define HAVE_SYS_STAT_H 1
| #define HAVE_SYS_TYPES_H 1
| #define HAVE_UNISTD_H 1
| #define STDC_HEADERS 1
| #define HAVE_DLFCN_H 1
| #define LT_OBJDIR ".libs/"
| #define HAVE_FUNC_ATTRIBUTE_NAKED 1
| #define SHORT_NAME syseg
| /* end confdefs.h.  */
| #include <ac_nonexistent.h>
configure:15758: result: gcc -E
configure:15772: gcc -E  conftest.c
configure:15772: $? = 0
configure:15788: gcc -E  conftest.c
conftest.c:25:10: fatal error: ac_nonexistent.h: No such file or directory
   25 | #include <ac_nonexistent.h>
      |          ^~~~~~~~~~~~~~~~~~
compilation terminated.
configure:15788: $? = 1
configure: failed program was:
| /* confdefs.h */
| #define PACKAGE_NAME "SYSeg"
| #define PACKAGE_TARNAME "syseg"
| #define PACKAGE_VERSION "1.0.0-beta"
| #define PACKAGE_STRING "SYSeg 1.0.0-beta"
| #define PACKAGE_BUGREPORT "monaco@usp.br"
| #define PACKAGE_URL ""
| #define PACKAGE "syseg"
| #define VERSION "1.0.0-beta"
| #define HAVE_STDIO_H 1
| #define HAVE_STDLIB_H 1
| #define HAVE_STRING_H 1
| #define HAVE_INTTYPES_H 1
| #define HAVE_STDINT_H 1
| #define HAVE_STRINGS_H 1
| #define HAVE_SYS_STAT_H 1
| #define HAVE_SYS_TYPES_H 1
| #define HAVE_UNISTD_H 1
| #define STDC_HEADERS 1
| #define HAVE_DLFCN_H 1
| #define LT_OBJDIR ".libs/"
| #define HAVE_FUNC_ATTRIBUTE_NAKED 1
| #define SHORT_NAME syseg
| /* end confdefs.h.  */
| #include <ac_nonexistent.h>
configure:15821: checking for egrep -e
configure:15951: result: /usr/bin/grep -E
configure:16121: checking whether gcc is Clang
configure:16149: result: no
configure:16215: checking whether pthreads work with "-pthread" and "-lpthread"
configure:16327: gcc -o conftest -g -O2 -pthread   conftest.c -lpthread  >&5
configure:16327: $? = 0
configure:16337: result: yes
configure:16461: checking for joinable pthread attribute
configure:16480: gcc -o conftest -g -O2 -pthread   conftest.c -lpthread  >&5
configure:16480: $? = 0
configure:16490: result: PTHREAD_CREATE_JOINABLE
configure:16503: checking whether more special flags are required for pthreads
configure:16518: result: no
configure:16527: checking for PTHREAD_PRIO_INHERIT
configure:16545: gcc -o conftest -g -O2 -pthread   conftest.c -lpthread  >&5
configure:16545: $? = 0
configure:16557: result: yes
configure:16843: checking that generated files are newer than configure
configure:16849: result: done
configure:16872: creating ./config.status

## ---------------------- ##
## Running config.status. ##
## ---------------------- ##

This file was extended by SYSeg config.status 1.0.0-beta, which was
generated by GNU Autoconf 2.72.  Invocation command line was

  CONFIG_FILES    = 
  CONFIG_HEADERS  = 
  CONFIG_LINKS    = 
  CONFIG_COMMANDS = 
  $ ./config.status 

on fedora

config.status:1139: creating Makefile
config.status:1139: creating tools/Makefile
config.status:1139: creating extra/Makefile
config.status:1139: creating test/Makefile
config.status:1139: creating try/Makefile
config.status:1139: creating replace/Makefile
config.status:1139: creating eg/Makefile
config.status:1139: creating eg/foo/Makefile
config.status:1139: creating eg/hw/Makefile
config.status:1139: creating eg/posix/Makefile
config.status:1139: creating eg/make/Makefile
config.status:1139: creating eg/abi/Makefile
config.status:1139: creating eg/bl/Makefile
config.status:1139: creating eg/build/Makefile
config.status:1139: creating eg/crt/Makefile
config.status:1139: creating eg/fat/Makefile
config.status:1139: creating eg/real/Makefile
config.status:1139: creating eg/rop/Makefile
config.status:1139: creating eg/run/Makefile
config.status:1139: creating eg/tydos/Makefile
config.status:1139: creating eg/tyfs/Makefile
config.status:1139: creating eg/tyos/Makefile
config.status:1139: creating eg/tyos32/Makefile
config.status:1139: creating try/mydos/Makefile
config.status:1139: creating try/quiz/Makefile
config.status:1139: creating config.h
config.status:1320: config.h is unchanged
config.status:1368: executing depfiles commands
config.status:1445: cd tools       && sed -e '/# am--include-marker/d' Makefile         | make -f - am--depfiles
config.status:1450: $? = 0
config.status:1368: executing libtool commands

## ---------------- ##
## Cache variables. ##
## ---------------- ##

ac_cv_build=x86_64-pc-linux-gnu
ac_cv_c_compiler_gnu=yes
ac_cv_env_CC_set=
ac_cv_env_CC_value=
ac_cv_env_CFLAGS_set=
ac_cv_env_CFLAGS_value=
ac_cv_env_CPPFLAGS_set=
ac_cv_env_CPPFLAGS_value=
ac_cv_env_CPP_set=
ac_cv_env_CPP_value=
ac_cv_env_LDFLAGS_set=
ac_cv_env_LDFLAGS_value=
ac_cv_env_LIBS_set=
ac_cv_env_LIBS_value=
ac_cv_env_LT_SYS_LIBRARY_PATH_set=
ac_cv_env_LT_SYS_LIBRARY_PATH_value=
ac_cv_env_build_alias_set=
ac_cv_env_build_alias_value=
ac_cv_env_host_alias_set=
ac_cv_env_host_alias_value=
ac_cv_env_target_alias_set=
ac_cv_env_target_alias_value=
ac_cv_file__home_matheussines__syseg_bin_reuse=yes
ac_cv_header_dlfcn_h=yes
ac_cv_header_inttypes_h=yes
ac_cv_header_stdint_h=yes
ac_cv_header_stdio_h=yes
ac_cv_header_stdlib_h=yes
ac_cv_header_string_h=yes
ac_cv_header_strings_h=yes
ac_cv_header_sys_stat_h=yes
ac_cv_header_sys_types_h=yes
ac_cv_header_unistd_h=yes
ac_cv_host=x86_64-pc-linux-gnu
ac_cv_objext=o
ac_cv_path_EGREP='/usr/bin/grep -E'
ac_cv_path_EGREP_TRADITIONAL='/usr/bin/grep -E'
ac_cv_path_FGREP='/usr/bin/grep -F'
ac_cv_path_GREP=/usr/bin/grep
ac_cv_path_SED=/usr/bin/sed
ac_cv_path_install='/usr/bin/install -c'
ac_cv_path_lt_DD=/usr/bin/dd
ac_cv_path_mkdir=/usr/bin/mkdir
ac_cv_prog_AWK=gawk
ac_cv_prog_CPP='gcc -E'
ac_cv_prog_ac_ct_AR=ar
ac_cv_prog_ac_ct_CC=gcc
ac_cv_prog_ac_ct_FILECMD=file
ac_cv_prog_ac_ct_OBJDUMP=objdump
ac_cv_prog_ac_ct_RANLIB=ranlib
ac_cv_prog_ac_ct_STRIP=strip
ac_cv_prog_cc_c11=
ac_cv_prog_cc_g=yes
ac_cv_prog_cc_stdc=
ac_cv_prog_has_Bash=yes
ac_cv_prog_has_Git=yes
ac_cv_prog_has_gzip=yes
ac_cv_prog_has_m4=yes
ac_cv_prog_has_nasm=yes
ac_cv_prog_has_objdump=yes
ac_cv_prog_has_pipx=yes
ac_cv_prog_has_qemu=yes
ac_cv_prog_has_readelf=yes
ac_cv_prog_make_make_set=yes
am_cv_CC_dependencies_compiler_type=gcc3
am_cv_ar_interface=ar
am_cv_make_support_nested_variables=yes
am_cv_prog_cc_c_o=yes
ax_cv_PTHREAD_CLANG=no
ax_cv_PTHREAD_JOINABLE_ATTR=PTHREAD_CREATE_JOINABLE
ax_cv_PTHREAD_PRIO_INHERIT=yes
ax_cv_PTHREAD_SPECIAL_FLAGS=no
ax_cv_c_compiler_vendor=gnu
ax_cv_c_compiler_version=14.3.1
ax_cv_check_cflags___fcf_protection=yes
ax_cv_check_cflags___m32=yes
ax_cv_have_func_attribute_naked=yes
lt_cv_ar_at_file=@
lt_cv_archive_cmds_need_lc=no
lt_cv_deplibs_check_method=pass_all
lt_cv_file_magic_cmd='$MAGIC_CMD'
lt_cv_file_magic_test_file=
lt_cv_ld_reload_flag=-r
lt_cv_nm_interface='BSD nm'
lt_cv_objdir=.libs
lt_cv_path_LD=/usr/bin/ld
lt_cv_path_NM='/usr/bin/nm -B'
lt_cv_path_mainfest_tool=no
lt_cv_prog_compiler_c_o=yes
lt_cv_prog_compiler_pic='-fPIC -DPIC'
lt_cv_prog_compiler_pic_works=yes
lt_cv_prog_compiler_rtti_exceptions=no
lt_cv_prog_compiler_static_works=no
lt_cv_prog_gnu_ld=yes
lt_cv_sharedlib_from_linklib_cmd='printf %s\n'
lt_cv_shlibpath_overrides_runpath=yes
lt_cv_sys_global_symbol_pipe='/usr/bin/sed -n -e '\''s/^.*[	 ]\([ABCDGIRSTW][ABCDGIRSTW]*\)[	 ][	 ]*\([_A-Za-z][_A-Za-z0-9]*\)$/\1 \2 \2/p'\'' | /usr/bin/sed '\''/ __gnu_lto/d'\'''
lt_cv_sys_global_symbol_to_c_name_address='/usr/bin/sed -n -e '\''s/^: \(.*\) .*$/  {"\1", (void *) 0},/p'\'' -e '\''s/^[ABCDGIRSTW][ABCDGIRSTW]* .* \(.*\)$/  {"\1", (void *) \&\1},/p'\'''
lt_cv_sys_global_symbol_to_c_name_address_lib_prefix='/usr/bin/sed -n -e '\''s/^: \(.*\) .*$/  {"\1", (void *) 0},/p'\'' -e '\''s/^[ABCDGIRSTW][ABCDGIRSTW]* .* \(lib.*\)$/  {"\1", (void *) \&\1},/p'\'' -e '\''s/^[ABCDGIRSTW][ABCDGIRSTW]* .* \(.*\)$/  {"lib\1", (void *) \&\1},/p'\'''
lt_cv_sys_global_symbol_to_cdecl='/usr/bin/sed -n -e '\''s/^T .* \(.*\)$/extern int \1();/p'\'' -e '\''s/^[ABCDGIRSTW][ABCDGIRSTW]* .* \(.*\)$/extern char \1;/p'\'''
lt_cv_sys_global_symbol_to_import=
lt_cv_sys_max_cmd_len=1572864
lt_cv_to_host_file_cmd=func_convert_file_noop
lt_cv_to_tool_file_cmd=func_convert_file_noop
lt_cv_truncate_bin='/usr/bin/dd bs=4096 count=1'

## ----------------- ##
## Output variables. ##
## ----------------- ##

ACLOCAL='${SHELL} '\''/home/matheussines/Documentos/GRADUAÇÃO/SO2/mfDOS/so2-fernando-e-matheus/build-aux/missing'\'' aclocal-1.16'
AMDEPBACKSLASH='\'
AMDEP_FALSE='#'
AMDEP_TRUE=''
AMTAR='$${TAR-tar}'
AM_BACKSLASH='\'
AM_DEFAULT_V='$(AM_DEFAULT_VERBOSITY)'
AM_DEFAULT_VERBOSITY='1'
AM_V='$(V)'
AR='ar'
AUTOCONF='${SHELL} '\''/home/matheussines/Documentos/GRADUAÇÃO/SO2/mfDOS/so2-fernando-e-matheus/build-aux/missing'\'' autoconf'
AUTOHEADER='${SHELL} '\''/home/matheussines/Documentos/GRADUAÇÃO/SO2/mfDOS/so2-fernando-e-matheus/build-aux/missing'\'' autoheader'
AUTOMAKE='${SHELL} '\''/home/matheussines/Documentos/GRADUAÇÃO/SO2/mfDOS/so2-fernando-e-matheus/build-aux/missing'\'' automake-1.16'
AWK='gawk'
CC='gcc'
CCDEPMODE='depmode=gcc3'
CFLAGS='-g -O2'
COPYRIGHT_EMAIL='monaco@usp.br'
COPYRIGHT_NAME='Monaco F. J.'
COPYRIGHT_YEAR='2021'
CPP='gcc -E'
CPPFLAGS=''
CPP_FLAGS='-ansi -D_POSIX_C_SOURCE=200809L -Wall'
CSCOPE='cscope'
CTAGS='ctags'
CYGPATH_W='echo'
C_FLAGS=''
DEFS='-DHAVE_CONFIG_H'
DEPDIR='.deps'
DLLTOOL='false'
DSYMUTIL=''
DUMPBIN=''
ECHO_C=''
ECHO_N='-n'
ECHO_T=''
EGREP='/usr/bin/grep -E'
ETAGS='etags'
EXEEXT=''
FGREP='/usr/bin/grep -F'
FILECMD='file'
GREP='/usr/bin/grep'
INSTALL_DATA='${INSTALL} -m 644'
INSTALL_PROGRAM='${INSTALL}'
INSTALL_SCRIPT='${INSTALL}'
INSTALL_STRIP_PROGRAM='$(install_sh) -c -s'
LD='/usr/bin/ld -m elf_x86_64'
LDFLAGS=''
LD_FLAGS=''
LIBOBJS=''
LIBS=''
LIBTOOL='$(SHELL) $(top_builddir)/libtool'
LIPO=''
LN_S='ln -s'
LTLIBOBJS=''
LT_SYS_LIBRARY_PATH=''
MAKEINFO='${SHELL} '\''/home/matheussines/Documentos/GRADUAÇÃO/SO2/mfDOS/so2-fernando-e-matheus/build-aux/missing'\'' makeinfo'
MANIFEST_TOOL=':'
MKDIR_P='/usr/bin/mkdir -p'
NM='/usr/bin/nm -B'
NMEDIT=''
NO_CF_PROTECT='-fcf-protection=none'
OBJDUMP='objdump'
OBJEXT='o'
OTOOL64=''
OTOOL=''
PACKAGE='syseg'
PACKAGE_BUGREPORT='monaco@usp.br'
PACKAGE_NAME='SYSeg'
PACKAGE_STRING='SYSeg 1.0.0-beta'
PACKAGE_TARNAME='syseg'
PACKAGE_URL=''
PACKAGE_VERSION='1.0.0-beta'
PATH_SEPARATOR=':'
PTHREAD_CC='gcc'
PTHREAD_CFLAGS='-pthread'
PTHREAD_CXX=''
PTHREAD_LIBS='-lpthread'
RANLIB='ranlib'
SED='/usr/bin/sed'
SET_MAKE=''
SHELL='/bin/sh'
STRIP='strip'
TOOL_DIR='/home/matheussines/Documentos/GRADUAÇÃO/SO2/mfDOS/so2-fernando-e-matheus/tools'
VERSION='1.0.0-beta'
ac_ct_AR='ar'
ac_ct_CC='gcc'
ac_ct_DUMPBIN=''
am__EXEEXT_FALSE=''
am__EXEEXT_TRUE='#'
am__fastdepCC_FALSE='#'
am__fastdepCC_TRUE=''
am__include='include'
am__isrc=''
am__leading_dot='.'
am__nodep='_no'
am__quote=''
am__tar='$${TAR-tar} chof - "$$tardir"'
am__untar='$${TAR-tar} xf -'
ax_pthread_config=''
bindir='${exec_prefix}/bin'
build='x86_64-pc-linux-gnu'
build_alias=''
build_cpu='x86_64'
build_os='linux-gnu'
build_vendor='pc'
datadir='${datarootdir}'
datarootdir='${prefix}/share'
docdir='${datarootdir}/doc/${PACKAGE_TARNAME}'
dvidir='${docdir}'
exec_prefix='${prefix}'
has_Bash='yes'
has_Git='yes'
has_gzip='yes'
has_m4='yes'
has_meld=''
has_nasm='yes'
has_objdump='yes'
has_pipx='yes'
has_qemu='yes'
has_readelf='yes'
has_xorriso=''
host='x86_64-pc-linux-gnu'
host_alias=''
host_cpu='x86_64'
host_os='linux-gnu'
host_vendor='pc'
htmldir='${docdir}'
includedir='${prefix}/include'
infodir='${datarootdir}/info'
install_sh='${SHELL} /home/matheussines/Documentos/GRADUAÇÃO/SO2/mfDOS/so2-fernando-e-matheus/build-aux/install-sh'
libdir='${exec_prefix}/lib'
libexecdir='${exec_prefix}/libexec'
localedir='${datarootdir}/locale'
localstatedir='${prefix}/var'
mandir='${datarootdir}/man'
mkdir_p='$(MKDIR_P)'
oldincludedir='/usr/include'
pdfdir='${docdir}'
prefix='/usr/local'
program_transform_name='s,x,x,'
psdir='${docdir}'
runstatedir='${localstatedir}/run'
sbindir='${exec_prefix}/sbin'
sharedstatedir='${prefix}/com'
short_name='syseg'
sysconfdir='${prefix}/etc'
target_alias=''

## ----------- ##
## confdefs.h. ##
## ----------- ##

/* confdefs.h */
#define PACKAGE_NAME "SYSeg"
#define PACKAGE_TARNAME "syseg"
#define PACKAGE_VERSION "1.0.0-beta"
#define PACKAGE_STRING "SYSeg 1.0.0-beta"
#define PACKAGE_BUGREPORT "monaco@usp.br"
#define PACKAGE_URL ""
#define PACKAGE "syseg"
#define VERSION "1.0.0-beta"
#define HAVE_STDIO_H 1
#define HAVE_STDLIB_H 1
#define HAVE_STRING_H 1
#define HAVE_INTTYPES_H 1
#define HAVE_STDINT_H 1
#define HAVE_STRINGS_H 1
#define HAVE_SYS_STAT_H 1
#define HAVE_SYS_TYPES_H 1
#define HAVE_UNISTD_H 1
#define STDC_HEADERS 1
#define HAVE_DLFCN_H 1
#define LT_OBJDIR ".libs/"
#define HAVE_FUNC_ATTRIBUTE_NAKED 1
#define SHORT_NAME syseg
#define HAVE_PTHREAD_PRIO_INHERIT 1
#define HAVE_PTHREAD 1

configure: exit 0

## ---------------------- ##
## Running config.status. ##
## ---------------------- ##

This file was extended by SYSeg config.status 1.0.0-beta, which was
generated by GNU Autoconf 2.72.  Invocation command line was

  CONFIG_FILES    = 
  CONFIG_HEADERS  = 
  CONFIG_LINKS    = 
  CONFIG_COMMANDS = 
  $ ./config.status eg/abi/Makefile

on fedora

config.status:1139: creating eg/abi/Makefile
